<?xml version="1.0" encoding="UTF-8"?>
<!-- Generated by org.testng.reporters.JUnitReportReporter -->
<testsuite hostname="Admin" failures="0" tests="6" name="testRunner.SampleTest" time="32.003" errors="0" timestamp="09 Sep 2022 08:50:33 GMT" skipped="0">
  <testcase classname="testRunner.SampleTest" name="tc4" time="6.914"/>
  <testcase classname="testRunner.SampleTest" name="tc6" time="10.684"/>
  <testcase classname="testRunner.SampleTest" name="tc3" time="1.726"/>
  <testcase classname="testRunner.SampleTest" name="tc1" time="4.310"/>
  <testcase classname="testRunner.SampleTest" name="tc5" time="7.010"/>
  <testcase classname="testRunner.SampleTest" name="tc2" time="1.359"/>
</testsuite> <!-- testRunner.SampleTest -->
