<?xml version="1.0" encoding="UTF-8"?>
<!-- Generated by org.testng.reporters.JUnitReportReporter -->
<testsuite hostname="Admin" failures="0" tests="4" name="testRunner.Tc0001" time="16.578" errors="0" timestamp="09 Sep 2022 09:55:00 GMT" skipped="0">
  <testcase classname="testRunner.Tc0001" name="Search_Hotel" time="3.772"/>
  <testcase classname="testRunner.Tc0001" name="Select_Hotel" time="2.534"/>
  <testcase classname="testRunner.Tc0001" name="bookAHotel" time="2.545"/>
  <testcase classname="testRunner.Tc0001" name="printOrderNo" time="7.727"/>
</testsuite> <!-- testRunner.Tc0001 -->
