<?xml version="1.0" encoding="UTF-8"?>
<!-- Generated by org.testng.reporters.JUnitReportReporter -->
<testsuite hostname="Admin" failures="0" tests="5" name="testRunner.TestCase" time="55.777" errors="0" timestamp="09 Sep 2022 08:50:33 GMT" skipped="0">
  <testcase classname="testRunner.TestCase" name="getText" time="8.750"/>
  <testcase classname="testRunner.TestCase" name="tc1" time="8.380"/>
  <testcase classname="testRunner.TestCase" name="tc2" time="11.519"/>
  <testcase classname="testRunner.TestCase" name="tc3" time="10.907"/>
  <testcase classname="testRunner.TestCase" name="createAnAccount" time="16.221"/>
</testsuite> <!-- testRunner.TestCase -->
